<?xml version="1.0" encoding="UTF-8"?>
<!-- Generated by org.testng.reporters.JUnitXMLReporter -->
<testsuite ignored="0" hostname="LAPTOP-NH6RVP77" failures="0" tests="4" name="Test" time="90.661" errors="0" timestamp="2021-05-18T13:33:46 IST">
  <testcase classname="TestCases.RunTestCases" name="openBrowserTab" time="16.072"/>
  <testcase classname="TestCases.RunTestCases" name="PrintHospitals" time="21.362"/>
  <testcase classname="TestCases.RunTestCases" name="PrintTopCities" time="16.356"/>
  <testcase classname="TestCases.RunTestCases" name="CaptureMessage" time="36.599"/>
</testsuite> <!-- Test -->
