<?xml version="1.0" encoding="UTF-8"?>
<testng-results ignored="0" total="4" passed="4" failed="0" skipped="0">
  <reporter-output>
  </reporter-output>
  <suite started-at="2021-05-18T13:32:15 IST" name="Suite" finished-at="2021-05-18T13:33:45 IST" duration-ms="90661">
    <groups>
      <group name="regression">
        <method signature="RunTestCases.PrintHospitals()[pri:1, instance:TestCases.RunTestCases@7c83dc97]" name="PrintHospitals" class="TestCases.RunTestCases"/>
        <method signature="RunTestCases.PrintTopCities()[pri:2, instance:TestCases.RunTestCases@7c83dc97]" name="PrintTopCities" class="TestCases.RunTestCases"/>
        <method signature="RunTestCases.CaptureMessage()[pri:3, instance:TestCases.RunTestCases@7c83dc97]" name="CaptureMessage" class="TestCases.RunTestCases"/>
        <method signature="RunTestCases.openBrowserTab()[pri:0, instance:TestCases.RunTestCases@7c83dc97]" name="openBrowserTab" class="TestCases.RunTestCases"/>
      </group> <!-- regression -->
      <group name="smoke">
        <method signature="RunTestCases.PrintHospitals()[pri:1, instance:TestCases.RunTestCases@7c83dc97]" name="PrintHospitals" class="TestCases.RunTestCases"/>
        <method signature="RunTestCases.openBrowserTab()[pri:0, instance:TestCases.RunTestCases@7c83dc97]" name="openBrowserTab" class="TestCases.RunTestCases"/>
      </group> <!-- smoke -->
    </groups>
    <test started-at="2021-05-18T13:32:15 IST" name="Test" finished-at="2021-05-18T13:33:45 IST" duration-ms="90661">
      <class name="TestCases.RunTestCases">
        <test-method signature="openBrowserTab()[pri:0, instance:TestCases.RunTestCases@7c83dc97]" started-at="2021-05-18T13:32:15 IST" name="openBrowserTab" finished-at="2021-05-18T13:32:31 IST" duration-ms="16072" status="PASS">
          <reporter-output>
          </reporter-output>
        </test-method> <!-- openBrowserTab -->
        <test-method signature="PrintHospitals()[pri:1, instance:TestCases.RunTestCases@7c83dc97]" started-at="2021-05-18T13:32:31 IST" name="PrintHospitals" finished-at="2021-05-18T13:32:52 IST" duration-ms="21362" status="PASS">
          <reporter-output>
          </reporter-output>
        </test-method> <!-- PrintHospitals -->
        <test-method signature="PrintTopCities()[pri:2, instance:TestCases.RunTestCases@7c83dc97]" started-at="2021-05-18T13:32:52 IST" name="PrintTopCities" finished-at="2021-05-18T13:33:09 IST" depends-on-methods="TestCases.RunTestCases.PrintHospitals" duration-ms="16356" status="PASS">
          <reporter-output>
          </reporter-output>
        </test-method> <!-- PrintTopCities -->
        <test-method signature="CaptureMessage()[pri:3, instance:TestCases.RunTestCases@7c83dc97]" started-at="2021-05-18T13:33:09 IST" name="CaptureMessage" finished-at="2021-05-18T13:33:45 IST" depends-on-methods="TestCases.RunTestCases.PrintTopCities" duration-ms="36599" status="PASS">
          <reporter-output>
          </reporter-output>
        </test-method> <!-- CaptureMessage -->
        <test-method is-config="true" signature="endReport()[pri:0, instance:TestCases.RunTestCases@7c83dc97]" started-at="2021-05-18T13:33:45 IST" name="endReport" finished-at="2021-05-18T13:33:45 IST" duration-ms="230" status="PASS">
          <reporter-output>
          </reporter-output>
        </test-method> <!-- endReport -->
        <test-method is-config="true" signature="closeBrowserWindow()[pri:0, instance:TestCases.RunTestCases@7c83dc97]" started-at="2021-05-18T13:33:46 IST" name="closeBrowserWindow" finished-at="2021-05-18T13:33:47 IST" duration-ms="762" status="PASS">
          <reporter-output>
          </reporter-output>
        </test-method> <!-- closeBrowserWindow -->
      </class> <!-- TestCases.RunTestCases -->
    </test> <!-- Test -->
  </suite> <!-- Suite -->
</testng-results>
